app/build/intermediates/manifest_merge_blame_file/debug/manifest-merger-blame-debug-report.txt
1<?xml version="1.0" encoding="utf-8"?>
2<manifest xmlns:android="http://schemas.android.com/apk/res/android"
3    package="com.example.michelinguide"
4    android:versionCode="1"
5    android:versionName="1.0.0" >
6
7    <uses-sdk
8        android:minSdkVersion="26"
8-->src/main/AndroidManifest.xml
9        android:targetSdkVersion="31" />
9-->src/main/AndroidManifest.xml
10
11    <uses-permission android:name="android.permission.INTERNET" />
11-->src/main/AndroidManifest.xml:5:5-67
11-->src/main/AndroidManifest.xml:5:22-64
12    <uses-permission android:name="android.permission.ACCESS_FINE_LOCATION" />
12-->src/main/AndroidManifest.xml:6:5-79
12-->src/main/AndroidManifest.xml:6:22-76
13    <uses-permission android:name="android.permission.ACCESS_COARSE_LOCATION" />
13-->src/main/AndroidManifest.xml:7:5-81
13-->src/main/AndroidManifest.xml:7:22-78
14
15    <meta-data
15-->[:kakaoMap] AndroidManifest.xml:9:5-11:60
16        android:name="com.kakao.sdk.AppKey"
16-->[:kakaoMap] AndroidManifest.xml:10:9-44
17        android:value="2589743509f4dc15a9daac858e75347b" />
17-->[:kakaoMap] AndroidManifest.xml:11:9-57
18
19    <uses-feature
19-->[com.naver.maps:map-sdk:3.13.0] AndroidManifest.xml:9:5-11:35
20        android:glEsVersion="0x00020000"
20-->[com.naver.maps:map-sdk:3.13.0] AndroidManifest.xml:10:9-41
21        android:required="true" />
21-->[com.naver.maps:map-sdk:3.13.0] AndroidManifest.xml:11:9-32
22    <uses-feature
22-->[com.naver.maps:map-sdk:3.13.0] AndroidManifest.xml:12:5-14:36
23        android:name="android.hardware.wifi"
23-->[com.naver.maps:map-sdk:3.13.0] AndroidManifest.xml:13:9-45
24        android:required="false" />
24-->[com.naver.maps:map-sdk:3.13.0] AndroidManifest.xml:14:9-33
25
26    <uses-permission android:name="android.permission.ACCESS_NETWORK_STATE" />
26-->[com.naver.maps:map-sdk:3.13.0] AndroidManifest.xml:17:5-79
26-->[com.naver.maps:map-sdk:3.13.0] AndroidManifest.xml:17:22-76
27    <uses-permission android:name="android.permission.ACCESS_WIFI_STATE" />
27-->[com.naver.maps:map-sdk:3.13.0] AndroidManifest.xml:18:5-76
27-->[com.naver.maps:map-sdk:3.13.0] AndroidManifest.xml:18:22-73
28
29    <application
29-->src/main/AndroidManifest.xml:9:5-27:19
30        android:name="com.example.michelinguide.App"
30-->src/main/AndroidManifest.xml:15:9-28
31        android:allowBackup="true"
31-->src/main/AndroidManifest.xml:10:9-35
32        android:appComponentFactory="androidx.core.app.CoreComponentFactory"
32-->[androidx.core:core:1.7.0] AndroidManifest.xml:24:18-86
33        android:debuggable="true"
34        android:extractNativeLibs="false"
35        android:icon="@mipmap/ic_launcher"
35-->src/main/AndroidManifest.xml:11:9-43
36        android:label="@string/app_name"
36-->src/main/AndroidManifest.xml:12:9-41
37        android:roundIcon="@mipmap/ic_launcher_round"
37-->src/main/AndroidManifest.xml:13:9-54
38        android:supportsRtl="true"
38-->src/main/AndroidManifest.xml:14:9-35
39        android:testOnly="true"
40        android:theme="@style/Theme.MichelinGuide"
40-->src/main/AndroidManifest.xml:16:9-51
41        android:usesCleartextTraffic="true" >
41-->src/main/AndroidManifest.xml:17:9-44
42        <activity
42-->src/main/AndroidManifest.xml:18:9-26:20
43            android:name="com.example.michelinguide.MainActivity"
43-->src/main/AndroidManifest.xml:19:13-41
44            android:exported="true" >
44-->src/main/AndroidManifest.xml:20:13-36
45            <intent-filter>
45-->src/main/AndroidManifest.xml:21:13-25:29
46                <action android:name="android.intent.action.MAIN" />
46-->src/main/AndroidManifest.xml:22:17-69
46-->src/main/AndroidManifest.xml:22:25-66
47
48                <category android:name="android.intent.category.LAUNCHER" />
48-->src/main/AndroidManifest.xml:24:17-77
48-->src/main/AndroidManifest.xml:24:27-74
49            </intent-filter>
50        </activity>
51
52        <meta-data
52-->[:naverMap] AndroidManifest.xml:10:9-12:42
53            android:name="com.naver.maps.map.CLIENT_ID"
53-->[:naverMap] AndroidManifest.xml:11:13-56
54            android:value="crkx9i5bze" />
54-->[:naverMap] AndroidManifest.xml:12:13-39
55        <meta-data
55-->[:kakaoMap] AndroidManifest.xml:9:5-11:60
56            android:name="com.kakao.sdk.AppKey"
56-->[:kakaoMap] AndroidManifest.xml:10:9-44
57            android:value="2589743509f4dc15a9daac858e75347b" />
57-->[:kakaoMap] AndroidManifest.xml:11:9-57
58
59        <activity
59-->[com.naver.maps:map-sdk:3.13.0] AndroidManifest.xml:21:9-25:51
60            android:name="com.naver.maps.map.app.LegendActivity"
60-->[com.naver.maps:map-sdk:3.13.0] AndroidManifest.xml:22:13-65
61            android:configChanges="screenSize|smallestScreenSize|screenLayout|orientation"
61-->[com.naver.maps:map-sdk:3.13.0] AndroidManifest.xml:23:13-91
62            android:label="@string/navermap_legend"
62-->[com.naver.maps:map-sdk:3.13.0] AndroidManifest.xml:24:13-52
63            android:theme="@style/navermap_app" />
63-->[com.naver.maps:map-sdk:3.13.0] AndroidManifest.xml:25:13-48
64        <activity
64-->[com.naver.maps:map-sdk:3.13.0] AndroidManifest.xml:26:9-30:51
65            android:name="com.naver.maps.map.app.LegalNoticeActivity"
65-->[com.naver.maps:map-sdk:3.13.0] AndroidManifest.xml:27:13-70
66            android:configChanges="screenSize|smallestScreenSize|screenLayout|orientation"
66-->[com.naver.maps:map-sdk:3.13.0] AndroidManifest.xml:28:13-91
67            android:label="@string/navermap_legal_notice"
67-->[com.naver.maps:map-sdk:3.13.0] AndroidManifest.xml:29:13-58
68            android:theme="@style/navermap_app" />
68-->[com.naver.maps:map-sdk:3.13.0] AndroidManifest.xml:30:13-48
69        <activity
69-->[com.naver.maps:map-sdk:3.13.0] AndroidManifest.xml:31:9-35:51
70            android:name="com.naver.maps.map.app.OpenSourceLicenseActivity"
70-->[com.naver.maps:map-sdk:3.13.0] AndroidManifest.xml:32:13-76
71            android:configChanges="screenSize|smallestScreenSize|screenLayout|orientation"
71-->[com.naver.maps:map-sdk:3.13.0] AndroidManifest.xml:33:13-91
72            android:label="@string/navermap_open_source_license"
72-->[com.naver.maps:map-sdk:3.13.0] AndroidManifest.xml:34:13-65
73            android:theme="@style/navermap_app" />
73-->[com.naver.maps:map-sdk:3.13.0] AndroidManifest.xml:35:13-48
74        <activity
74-->[com.kakao.sdk:kakaonavi:1.17.0] AndroidManifest.xml:12:9-18:20
75            android:name="com.kakao.kakaonavi.KakaoNaviWebViewActivity"
75-->[com.kakao.sdk:kakaonavi:1.17.0] AndroidManifest.xml:13:13-72
76            android:configChanges="orientation|screenSize"
76-->[com.kakao.sdk:kakaonavi:1.17.0] AndroidManifest.xml:14:13-59
77            android:launchMode="singleTop"
77-->[com.kakao.sdk:kakaonavi:1.17.0] AndroidManifest.xml:15:13-43
78            android:theme="@android:style/Theme.Translucent.NoTitleBar"
78-->[com.kakao.sdk:kakaonavi:1.17.0] AndroidManifest.xml:16:13-72
79            android:windowSoftInputMode="adjustResize" >
79-->[com.kakao.sdk:kakaonavi:1.17.0] AndroidManifest.xml:17:13-55
80        </activity>
81        <activity
81-->[com.google.android.gms:play-services-base:18.0.1] AndroidManifest.xml:20:9-22:45
82            android:name="com.google.android.gms.common.api.GoogleApiActivity"
82-->[com.google.android.gms:play-services-base:18.0.1] AndroidManifest.xml:20:19-85
83            android:exported="false"
83-->[com.google.android.gms:play-services-base:18.0.1] AndroidManifest.xml:22:19-43
84            android:theme="@android:style/Theme.Translucent.NoTitleBar" />
84-->[com.google.android.gms:play-services-base:18.0.1] AndroidManifest.xml:21:19-78
85
86        <meta-data
86-->[com.google.android.gms:play-services-basement:18.0.0] AndroidManifest.xml:21:9-23:69
87            android:name="com.google.android.gms.version"
87-->[com.google.android.gms:play-services-basement:18.0.0] AndroidManifest.xml:22:13-58
88            android:value="@integer/google_play_services_version" />
88-->[com.google.android.gms:play-services-basement:18.0.0] AndroidManifest.xml:23:13-66
89
90        <provider
90-->[androidx.emoji2:emoji2:1.0.0] AndroidManifest.xml:26:9-34:20
91            android:name="androidx.startup.InitializationProvider"
91-->[androidx.emoji2:emoji2:1.0.0] AndroidManifest.xml:27:13-67
92            android:authorities="com.example.michelinguide.androidx-startup"
92-->[androidx.emoji2:emoji2:1.0.0] AndroidManifest.xml:28:13-68
93            android:exported="false" >
93-->[androidx.emoji2:emoji2:1.0.0] AndroidManifest.xml:29:13-37
94            <meta-data
94-->[androidx.emoji2:emoji2:1.0.0] AndroidManifest.xml:31:13-33:52
95                android:name="androidx.emoji2.text.EmojiCompatInitializer"
95-->[androidx.emoji2:emoji2:1.0.0] AndroidManifest.xml:32:17-75
96                android:value="androidx.startup" />
96-->[androidx.emoji2:emoji2:1.0.0] AndroidManifest.xml:33:17-49
97            <meta-data
97-->[androidx.lifecycle:lifecycle-process:2.4.0] AndroidManifest.xml:31:13-33:52
98                android:name="androidx.lifecycle.ProcessLifecycleInitializer"
98-->[androidx.lifecycle:lifecycle-process:2.4.0] AndroidManifest.xml:32:17-78
99                android:value="androidx.startup" />
99-->[androidx.lifecycle:lifecycle-process:2.4.0] AndroidManifest.xml:33:17-49
100        </provider>
101    </application>
102
103</manifest>